<?xml version="1.0" encoding="UTF-8"?>
<!-- Generated by org.testng.reporters.JUnitReportReporter -->
<testsuite hostname="01HW1017441" name="com.tcs.ultimatix.regression.TestNGTests" tests="1" failures="0" timestamp="5 Apr 2018 13:11:02 GMT" time="29.944" errors="0">
  <testcase name="LoginTest" time="29.944" classname="com.tcs.ultimatix.regression.TestNGTests"/>
</testsuite> <!-- com.tcs.ultimatix.regression.TestNGTests -->
