<?xml version="1.0" encoding="UTF-8"?>
<!-- Generated by org.testng.reporters.JUnitReportReporter -->
<testsuite hostname="01HW1017441" name="com.tcs.ultimatix.AppTest" tests="1" failures="0" timestamp="5 Apr 2018 13:11:09 GMT" time="6.444" errors="0">
  <testcase name="testApp" time="6.444" classname="com.tcs.ultimatix.AppTest"/>
</testsuite> <!-- com.tcs.ultimatix.AppTest -->
