<?xml version="1.0" encoding="UTF-8"?>
<!-- Generated by org.testng.reporters.JUnitReportReporter -->
<testsuite hostname="01HW1017441" name="com.tcs.ultimatix.regression.TestNGTests" tests="1" failures="0" timestamp="16 Apr 2018 12:43:08 GMT" time="19.383" errors="0">
  <testcase name="MyAllocationandUtilization" time="19.383" classname="com.tcs.ultimatix.regression.TestNGTests"/>
</testsuite> <!-- com.tcs.ultimatix.regression.TestNGTests -->
