<?xml version="1.0" encoding="UTF-8"?>
<!-- Generated by org.testng.reporters.JUnitReportReporter -->
<testsuite hostname="01HW1017441" name="com.tcs.ultimatix.TestNGSample" tests="1" failures="0" timestamp="3 Apr 2018 13:51:40 GMT" time="0.009" errors="0">
  <testcase name="sampletest" time="0.009" classname="com.tcs.ultimatix.TestNGSample"/>
</testsuite> <!-- com.tcs.ultimatix.TestNGSample -->
